<?xml version="1.0" encoding="UTF-8"?>
<!-- Generated by org.testng.reporters.JUnitReportReporter -->
<testsuite skipped="0" hostname="ivanxue" name="testCases.MercuryTourTest_TestNG" tests="1" failures="0" timestamp="27 Aug 2017 10:51:50 GMT" time="11.067" errors="0">
  <testcase name="main" time="11.067" classname="testCases.MercuryTourTest_TestNG"/>
</testsuite> <!-- testCases.MercuryTourTest_TestNG -->
