<?xml version="1.0" encoding="UTF-8"?>
<!-- Generated by org.testng.reporters.JUnitReportReporter -->
<testsuite skipped="0" hostname="ivanxue" name="testCases.MercuryTourTest_TestNG" tests="1" failures="0" timestamp="28 Aug 2017 04:42:49 GMT" time="10.804" errors="0">
  <testcase name="main" time="10.804" classname="testCases.MercuryTourTest_TestNG"/>
</testsuite> <!-- testCases.MercuryTourTest_TestNG -->
